{
  level: 'error',
  message: 'Unhandled error',
  metadata: {
    service: 'somatic-server',
    environment: 'development',
    nodeVersion: 'v22.17.0',
    error: "ENOENT: no such file or directory, stat '/workspaces/somatic/dist/index.html'",
    stack: "Error: ENOENT: no such file or directory, stat '/workspaces/somatic/dist/index.html'",
    path: '/',
    method: 'GET',
    query: {},
    body: {},
    headers: {
      accept: 'text/html, application/xhtml+xml, application/xml; q=0.9, image/avif, image/webp, image/apng, */*; q=0.8',
      host: 'localhost:3000',
      'user-agent': 'Mozilla/5.0 (Windows NT 10.0; Win64; x64) AppleWebKit/537.36 (KHTML, like Gecko) Chrome/140.0.0.0 Safari/537.36',
      'accept-encoding': 'gzip, deflate, br, zstd',
      'accept-language': 'en-US, en; q=0.8',
      'cache-control': 'max-age=0',
      referer: 'https://animated-space-couscous-jjpj699vq7gjfqrxg.github.dev/',
      'x-request-id': '15279dd790fd14665baacdd2cb5c5106',
      'x-real-ip': '10.241.0.36',
      'x-forwarded-port': '443',
      'x-forwarded-scheme': 'https',
      'x-original-uri': '/',
      'x-scheme': 'https',
      dnt: '1',
      'sec-gpc': '1',
      'sec-fetch-site': 'same-site',
      'sec-fetch-mode': 'navigate',
      'sec-fetch-dest': 'document',
      'sec-ch-ua': '"Chromium";v="140", "Not=A?Brand";v="24", "Brave";v="140"',
      'sec-ch-ua-mobile': '?0',
      'sec-ch-ua-platform': '"Windows"',
      priority: 'u=0, i',
      'x-original-proto': 'https',
      'x-forwarded-proto': 'https',
      'x-forwarded-host': 'animated-space-couscous-jjpj699vq7gjfqrxg-3000.app.github.dev',
      'x-forwarded-for': '103.19.49.128',
      'proxy-connection': 'Keep-Alive'
    },
    ip: '103.19.49.128',
    timestamp: '2025-09-28 03:08:52.469'
  },
  timestamp: '2025-09-28T03:08:52.470Z'
}
